2024-07-20 15:00:02.068 [info] Log level: Info
2024-07-20 15:00:02.068 [info] Validating found git in: "git"
2024-07-20 15:00:02.068 [info] Using git "2.42.0" from "git"
2024-07-20 15:00:02.068 [info] > git rev-parse --show-toplevel [22ms]
2024-07-20 15:00:02.068 [info] fatal: not a git repository (or any parent up to mount point /teamspace/studios)
Stopping at filesystem boundary (GIT_DISCOVERY_ACROSS_FILESYSTEM not set).
2024-07-20 15:00:02.068 [info] > git rev-parse --show-toplevel [15ms]
2024-07-20 15:00:02.068 [info] fatal: not a git repository (or any parent up to mount point /teamspace/studios)
Stopping at filesystem boundary (GIT_DISCOVERY_ACROSS_FILESYSTEM not set).
2024-07-20 15:00:02.199 [info] > git rev-parse --show-toplevel [7ms]
2024-07-20 15:00:02.199 [info] fatal: not a git repository (or any parent up to mount point /teamspace/studios)
Stopping at filesystem boundary (GIT_DISCOVERY_ACROSS_FILESYSTEM not set).
2024-07-20 15:00:02.220 [info] > git rev-parse --show-toplevel [7ms]
2024-07-20 15:00:02.220 [info] fatal: not a git repository (or any parent up to mount point /teamspace/studios)
Stopping at filesystem boundary (GIT_DISCOVERY_ACROSS_FILESYSTEM not set).
2024-07-20 15:00:02.231 [info] > git rev-parse --show-toplevel [6ms]
2024-07-20 15:00:02.231 [info] fatal: not a git repository (or any parent up to mount point /teamspace/studios)
Stopping at filesystem boundary (GIT_DISCOVERY_ACROSS_FILESYSTEM not set).
2024-07-20 15:00:02.238 [info] > git rev-parse --show-toplevel [3ms]
2024-07-20 15:00:02.238 [info] fatal: not a git repository (or any parent up to mount point /teamspace/studios)
Stopping at filesystem boundary (GIT_DISCOVERY_ACROSS_FILESYSTEM not set).
2024-07-20 15:00:02.261 [info] > git rev-parse --show-toplevel [18ms]
2024-07-20 15:00:02.261 [info] fatal: not a git repository (or any parent up to mount point /teamspace/studios)
Stopping at filesystem boundary (GIT_DISCOVERY_ACROSS_FILESYSTEM not set).
2024-07-20 15:00:02.282 [info] > git rev-parse --show-toplevel [12ms]
2024-07-20 15:00:02.282 [info] fatal: not a git repository (or any parent up to mount point /teamspace/studios)
Stopping at filesystem boundary (GIT_DISCOVERY_ACROSS_FILESYSTEM not set).
2024-07-20 15:00:02.303 [info] > git rev-parse --show-toplevel [12ms]
2024-07-20 15:00:02.303 [info] fatal: not a git repository (or any parent up to mount point /teamspace/studios)
Stopping at filesystem boundary (GIT_DISCOVERY_ACROSS_FILESYSTEM not set).
2024-07-20 15:00:02.314 [info] > git rev-parse --show-toplevel [4ms]
2024-07-20 15:00:02.314 [info] fatal: not a git repository (or any parent up to mount point /teamspace/studios)
Stopping at filesystem boundary (GIT_DISCOVERY_ACROSS_FILESYSTEM not set).
2024-07-20 15:00:02.322 [info] > git rev-parse --show-toplevel [5ms]
2024-07-20 15:00:02.322 [info] fatal: not a git repository (or any parent up to mount point /teamspace/studios)
Stopping at filesystem boundary (GIT_DISCOVERY_ACROSS_FILESYSTEM not set).
2024-07-20 15:00:02.329 [info] > git rev-parse --show-toplevel [4ms]
2024-07-20 15:00:02.329 [info] fatal: not a git repository (or any parent up to mount point /teamspace/studios)
Stopping at filesystem boundary (GIT_DISCOVERY_ACROSS_FILESYSTEM not set).
2024-07-20 15:00:04.115 [info] > git rev-parse --show-toplevel [3ms]
2024-07-20 15:00:04.115 [info] fatal: not a git repository (or any parent up to mount point /teamspace/studios)
Stopping at filesystem boundary (GIT_DISCOVERY_ACROSS_FILESYSTEM not set).
2024-07-20 15:00:05.895 [info] > git rev-parse --show-toplevel [3ms]
2024-07-20 15:00:05.895 [info] fatal: not a git repository (or any parent up to mount point /teamspace/studios)
Stopping at filesystem boundary (GIT_DISCOVERY_ACROSS_FILESYSTEM not set).
2024-07-20 15:00:06.856 [info] > git rev-parse --show-toplevel [3ms]
2024-07-20 15:00:06.856 [info] fatal: not a git repository (or any parent up to mount point /teamspace/studios)
Stopping at filesystem boundary (GIT_DISCOVERY_ACROSS_FILESYSTEM not set).
2024-07-20 15:02:19.765 [info] > git rev-parse --show-toplevel [3ms]
2024-07-20 15:02:19.773 [info] > git rev-parse --git-dir --git-common-dir [3ms]
2024-07-20 15:02:19.785 [info] Open repository: /teamspace/studios/this_studio
2024-07-20 15:02:19.797 [info] No remotes found in the git config file.
2024-07-20 15:02:19.798 [info] > git config --get commit.template [5ms]
2024-07-20 15:02:19.799 [info] > git for-each-ref --format=%(refname)%00%(upstream:short)%00%(objectname)%00%(upstream:track)%00%(upstream:remotename)%00%(upstream:remoteref) refs/heads/main refs/remotes/main [3ms]
2024-07-20 15:02:19.799 [warning] No such branch: main.
2024-07-20 15:02:19.924 [info] > git status -z -uall [121ms]
2024-07-20 15:02:19.978 [info] > git for-each-ref --format=%(refname)%00%(upstream:short)%00%(objectname)%00%(upstream:track)%00%(upstream:remotename)%00%(upstream:remoteref) refs/heads/main refs/remotes/main [33ms]
2024-07-20 15:02:19.978 [warning] No such branch: main.
2024-07-20 15:02:19.981 [info] No remotes found in the git config file.
2024-07-20 15:02:19.982 [info] > git config --get commit.template [5ms]
2024-07-20 15:02:19.984 [info] > git for-each-ref --format=%(refname)%00%(upstream:short)%00%(objectname)%00%(upstream:track)%00%(upstream:remotename)%00%(upstream:remoteref) refs/heads/main refs/remotes/main [3ms]
2024-07-20 15:02:19.984 [warning] No such branch: main.
2024-07-20 15:02:20.260 [info] > git status -z -uall [273ms]
2024-07-20 15:02:20.318 [info] > git for-each-ref --format=%(refname)%00%(upstream:short)%00%(objectname)%00%(upstream:track)%00%(upstream:remotename)%00%(upstream:remoteref) refs/heads/main refs/remotes/main [34ms]
2024-07-20 15:02:20.318 [warning] No such branch: main.
2024-07-20 15:02:20.564 [info] > git check-ignore -v -z --stdin [3ms]
2024-07-20 15:02:20.920 [info] > git show --textconv :Backend/Dockerfile [3ms]
2024-07-20 15:02:20.922 [info] > git ls-files --stage -- /teamspace/studios/this_studio/Backend/Dockerfile [3ms]
