2024-07-01 09:54:02.914 [info] Log level: Info
2024-07-01 09:54:02.914 [info] Validating found git in: "git"
2024-07-01 09:54:02.914 [info] Using git "2.42.0" from "git"
2024-07-01 09:54:02.914 [info] > git rev-parse --show-toplevel [2ms]
2024-07-01 09:54:02.914 [info] /bin/bash: warning: setlocale: LC_ALL: cannot change locale (en_US.UTF-8)
fatal: not a git repository (or any parent up to mount point /teamspace/studios)
Stopping at filesystem boundary (GIT_DISCOVERY_ACROSS_FILESYSTEM not set).
2024-07-01 09:54:02.914 [info] > git rev-parse --show-toplevel [9ms]
2024-07-01 09:54:02.914 [info] /bin/bash: warning: setlocale: LC_ALL: cannot change locale (en_US.UTF-8)
fatal: not a git repository (or any parent up to mount point /teamspace/studios)
Stopping at filesystem boundary (GIT_DISCOVERY_ACROSS_FILESYSTEM not set).
2024-07-01 09:54:02.914 [info] > git rev-parse --show-toplevel [3ms]
2024-07-01 09:54:02.914 [info] /bin/bash: warning: setlocale: LC_ALL: cannot change locale (en_US.UTF-8)
fatal: not a git repository (or any parent up to mount point /teamspace/studios)
Stopping at filesystem boundary (GIT_DISCOVERY_ACROSS_FILESYSTEM not set).
2024-07-01 09:54:02.914 [info] > git rev-parse --show-toplevel [2ms]
2024-07-01 09:54:02.914 [info] /bin/bash: warning: setlocale: LC_ALL: cannot change locale (en_US.UTF-8)
fatal: not a git repository (or any parent up to mount point /teamspace/studios)
Stopping at filesystem boundary (GIT_DISCOVERY_ACROSS_FILESYSTEM not set).
2024-07-01 09:54:02.914 [info] > git rev-parse --show-toplevel [4ms]
2024-07-01 09:54:02.914 [info] /bin/bash: warning: setlocale: LC_ALL: cannot change locale (en_US.UTF-8)
fatal: not a git repository (or any parent up to mount point /teamspace/studios)
Stopping at filesystem boundary (GIT_DISCOVERY_ACROSS_FILESYSTEM not set).
2024-07-01 09:54:02.914 [info] > git rev-parse --show-toplevel [2ms]
2024-07-01 09:54:02.914 [info] /bin/bash: warning: setlocale: LC_ALL: cannot change locale (en_US.UTF-8)
fatal: not a git repository (or any parent up to mount point /teamspace/studios)
Stopping at filesystem boundary (GIT_DISCOVERY_ACROSS_FILESYSTEM not set).
2024-07-01 09:54:02.914 [info] > git rev-parse --show-toplevel [2ms]
2024-07-01 09:54:02.914 [info] /bin/bash: warning: setlocale: LC_ALL: cannot change locale (en_US.UTF-8)
fatal: not a git repository (or any parent up to mount point /teamspace/studios)
Stopping at filesystem boundary (GIT_DISCOVERY_ACROSS_FILESYSTEM not set).
2024-07-01 09:54:02.914 [info] > git rev-parse --show-toplevel [2ms]
2024-07-01 09:54:02.914 [info] /bin/bash: warning: setlocale: LC_ALL: cannot change locale (en_US.UTF-8)
fatal: not a git repository (or any parent up to mount point /teamspace/studios)
Stopping at filesystem boundary (GIT_DISCOVERY_ACROSS_FILESYSTEM not set).
2024-07-01 09:54:02.914 [info] > git rev-parse --show-toplevel [3ms]
2024-07-01 09:54:02.914 [info] /bin/bash: warning: setlocale: LC_ALL: cannot change locale (en_US.UTF-8)
fatal: not a git repository (or any parent up to mount point /teamspace/studios)
Stopping at filesystem boundary (GIT_DISCOVERY_ACROSS_FILESYSTEM not set).
2024-07-01 09:54:02.914 [info] > git rev-parse --show-toplevel [3ms]
2024-07-01 09:54:02.914 [info] /bin/bash: warning: setlocale: LC_ALL: cannot change locale (en_US.UTF-8)
fatal: not a git repository (or any parent up to mount point /teamspace/studios)
Stopping at filesystem boundary (GIT_DISCOVERY_ACROSS_FILESYSTEM not set).
2024-07-01 09:54:02.914 [info] > git rev-parse --show-toplevel [3ms]
2024-07-01 09:54:02.914 [info] /bin/bash: warning: setlocale: LC_ALL: cannot change locale (en_US.UTF-8)
fatal: not a git repository (or any parent up to mount point /teamspace/studios)
Stopping at filesystem boundary (GIT_DISCOVERY_ACROSS_FILESYSTEM not set).
2024-07-01 09:54:02.914 [info] > git rev-parse --show-toplevel [3ms]
2024-07-01 09:54:02.914 [info] /bin/bash: warning: setlocale: LC_ALL: cannot change locale (en_US.UTF-8)
fatal: not a git repository (or any parent up to mount point /teamspace/studios)
Stopping at filesystem boundary (GIT_DISCOVERY_ACROSS_FILESYSTEM not set).
2024-07-01 10:13:17.944 [info] > git rev-parse --show-toplevel [2ms]
2024-07-01 10:13:17.945 [info] /bin/bash: warning: setlocale: LC_ALL: cannot change locale (en_US.UTF-8)
fatal: not a git repository (or any parent up to mount point /teamspace/studios)
Stopping at filesystem boundary (GIT_DISCOVERY_ACROSS_FILESYSTEM not set).
