2024-06-23 14:29:43.721 [info] Log level: Info
2024-06-23 14:29:43.721 [info] Validating found git in: "git"
2024-06-23 14:29:43.721 [info] Using git "2.42.0" from "git"
2024-06-23 14:29:43.721 [info] > git rev-parse --show-toplevel [5ms]
2024-06-23 14:29:43.722 [info] /bin/bash: warning: setlocale: LC_ALL: cannot change locale (en_US.UTF-8)
fatal: not a git repository (or any parent up to mount point /teamspace/studios)
Stopping at filesystem boundary (GIT_DISCOVERY_ACROSS_FILESYSTEM not set).
2024-06-23 14:29:43.722 [info] > git rev-parse --show-toplevel [4ms]
2024-06-23 14:29:43.722 [info] /bin/bash: warning: setlocale: LC_ALL: cannot change locale (en_US.UTF-8)
fatal: not a git repository (or any parent up to mount point /teamspace/studios)
Stopping at filesystem boundary (GIT_DISCOVERY_ACROSS_FILESYSTEM not set).
2024-06-23 14:29:43.722 [info] > git rev-parse --show-toplevel [5ms]
2024-06-23 14:29:43.723 [info] /bin/bash: warning: setlocale: LC_ALL: cannot change locale (en_US.UTF-8)
fatal: not a git repository (or any parent up to mount point /teamspace/studios)
Stopping at filesystem boundary (GIT_DISCOVERY_ACROSS_FILESYSTEM not set).
2024-06-23 14:29:43.723 [info] > git rev-parse --show-toplevel [4ms]
2024-06-23 14:29:43.723 [info] /bin/bash: warning: setlocale: LC_ALL: cannot change locale (en_US.UTF-8)
fatal: not a git repository (or any parent up to mount point /teamspace/studios)
Stopping at filesystem boundary (GIT_DISCOVERY_ACROSS_FILESYSTEM not set).
2024-06-23 14:29:43.723 [info] > git rev-parse --show-toplevel [9ms]
2024-06-23 14:29:43.723 [info] /bin/bash: warning: setlocale: LC_ALL: cannot change locale (en_US.UTF-8)
fatal: not a git repository (or any parent up to mount point /teamspace/studios)
Stopping at filesystem boundary (GIT_DISCOVERY_ACROSS_FILESYSTEM not set).
2024-06-23 14:29:43.724 [info] > git rev-parse --show-toplevel [13ms]
2024-06-23 14:29:43.724 [info] /bin/bash: warning: setlocale: LC_ALL: cannot change locale (en_US.UTF-8)
fatal: not a git repository (or any parent up to mount point /teamspace/studios)
Stopping at filesystem boundary (GIT_DISCOVERY_ACROSS_FILESYSTEM not set).
2024-06-23 14:29:43.724 [info] > git rev-parse --show-toplevel [4ms]
2024-06-23 14:29:43.724 [info] /bin/bash: warning: setlocale: LC_ALL: cannot change locale (en_US.UTF-8)
fatal: not a git repository (or any parent up to mount point /teamspace/studios)
Stopping at filesystem boundary (GIT_DISCOVERY_ACROSS_FILESYSTEM not set).
2024-06-23 14:29:43.725 [info] > git rev-parse --show-toplevel [18ms]
2024-06-23 14:29:43.725 [info] /bin/bash: warning: setlocale: LC_ALL: cannot change locale (en_US.UTF-8)
fatal: not a git repository (or any parent up to mount point /teamspace/studios)
Stopping at filesystem boundary (GIT_DISCOVERY_ACROSS_FILESYSTEM not set).
2024-06-23 14:29:43.725 [info] > git rev-parse --show-toplevel [25ms]
2024-06-23 14:29:43.725 [info] /bin/bash: warning: setlocale: LC_ALL: cannot change locale (en_US.UTF-8)
fatal: not a git repository (or any parent up to mount point /teamspace/studios)
Stopping at filesystem boundary (GIT_DISCOVERY_ACROSS_FILESYSTEM not set).
2024-06-23 14:29:43.726 [info] > git rev-parse --show-toplevel [7ms]
2024-06-23 14:29:43.726 [info] /bin/bash: warning: setlocale: LC_ALL: cannot change locale (en_US.UTF-8)
fatal: not a git repository (or any parent up to mount point /teamspace/studios)
Stopping at filesystem boundary (GIT_DISCOVERY_ACROSS_FILESYSTEM not set).
2024-06-23 14:29:43.726 [info] > git rev-parse --show-toplevel [10ms]
2024-06-23 14:29:43.726 [info] /bin/bash: warning: setlocale: LC_ALL: cannot change locale (en_US.UTF-8)
fatal: not a git repository (or any parent up to mount point /teamspace/studios)
Stopping at filesystem boundary (GIT_DISCOVERY_ACROSS_FILESYSTEM not set).
2024-06-23 14:29:43.727 [info] > git rev-parse --show-toplevel [4ms]
2024-06-23 14:29:43.727 [info] /bin/bash: warning: setlocale: LC_ALL: cannot change locale (en_US.UTF-8)
fatal: not a git repository (or any parent up to mount point /teamspace/studios)
Stopping at filesystem boundary (GIT_DISCOVERY_ACROSS_FILESYSTEM not set).
2024-06-23 15:05:37.673 [info] > git rev-parse --show-toplevel [2ms]
2024-06-23 15:05:37.673 [info] /bin/bash: warning: setlocale: LC_ALL: cannot change locale (en_US.UTF-8)
fatal: not a git repository (or any parent up to mount point /teamspace/studios)
Stopping at filesystem boundary (GIT_DISCOVERY_ACROSS_FILESYSTEM not set).
2024-06-23 15:23:29.974 [info] > git rev-parse --show-toplevel [2ms]
2024-06-23 15:23:29.974 [info] /bin/bash: warning: setlocale: LC_ALL: cannot change locale (en_US.UTF-8)
fatal: not a git repository (or any parent up to mount point /teamspace/studios)
Stopping at filesystem boundary (GIT_DISCOVERY_ACROSS_FILESYSTEM not set).
2024-06-23 16:12:20.643 [info] > git rev-parse --show-toplevel [3ms]
2024-06-23 16:12:20.644 [info] /bin/bash: warning: setlocale: LC_ALL: cannot change locale (en_US.UTF-8)
fatal: not a git repository (or any parent up to mount point /teamspace/studios)
Stopping at filesystem boundary (GIT_DISCOVERY_ACROSS_FILESYSTEM not set).
2024-06-23 16:12:28.483 [info] > git rev-parse --show-toplevel [2ms]
2024-06-23 16:12:28.484 [info] /bin/bash: warning: setlocale: LC_ALL: cannot change locale (en_US.UTF-8)
fatal: not a git repository (or any parent up to mount point /teamspace/studios)
Stopping at filesystem boundary (GIT_DISCOVERY_ACROSS_FILESYSTEM not set).
2024-06-23 16:12:37.354 [info] > git rev-parse --show-toplevel [3ms]
2024-06-23 16:12:37.354 [info] /bin/bash: warning: setlocale: LC_ALL: cannot change locale (en_US.UTF-8)
fatal: not a git repository (or any parent up to mount point /teamspace/studios)
Stopping at filesystem boundary (GIT_DISCOVERY_ACROSS_FILESYSTEM not set).
2024-06-23 16:13:41.359 [info] > git rev-parse --show-toplevel [3ms]
2024-06-23 16:13:41.359 [info] /bin/bash: warning: setlocale: LC_ALL: cannot change locale (en_US.UTF-8)
fatal: not a git repository (or any parent up to mount point /teamspace/studios)
Stopping at filesystem boundary (GIT_DISCOVERY_ACROSS_FILESYSTEM not set).
2024-06-23 16:13:44.910 [info] > git rev-parse --show-toplevel [2ms]
2024-06-23 16:13:44.910 [info] /bin/bash: warning: setlocale: LC_ALL: cannot change locale (en_US.UTF-8)
fatal: not a git repository (or any parent up to mount point /teamspace/studios)
Stopping at filesystem boundary (GIT_DISCOVERY_ACROSS_FILESYSTEM not set).
2024-06-23 16:13:50.420 [info] > git rev-parse --show-toplevel [3ms]
2024-06-23 16:13:50.420 [info] /bin/bash: warning: setlocale: LC_ALL: cannot change locale (en_US.UTF-8)
fatal: not a git repository (or any parent up to mount point /teamspace/studios)
Stopping at filesystem boundary (GIT_DISCOVERY_ACROSS_FILESYSTEM not set).
2024-06-23 16:16:29.793 [info] > git rev-parse --show-toplevel [3ms]
2024-06-23 16:16:29.794 [info] /bin/bash: warning: setlocale: LC_ALL: cannot change locale (en_US.UTF-8)
fatal: not a git repository (or any parent up to mount point /teamspace/studios)
Stopping at filesystem boundary (GIT_DISCOVERY_ACROSS_FILESYSTEM not set).
2024-06-23 16:16:33.145 [info] > git rev-parse --show-toplevel [3ms]
2024-06-23 16:16:33.145 [info] /bin/bash: warning: setlocale: LC_ALL: cannot change locale (en_US.UTF-8)
fatal: not a git repository (or any parent up to mount point /teamspace/studios)
Stopping at filesystem boundary (GIT_DISCOVERY_ACROSS_FILESYSTEM not set).
2024-06-23 16:17:00.340 [info] > git rev-parse --show-toplevel [3ms]
2024-06-23 16:17:00.340 [info] /bin/bash: warning: setlocale: LC_ALL: cannot change locale (en_US.UTF-8)
fatal: not a git repository (or any parent up to mount point /teamspace/studios)
Stopping at filesystem boundary (GIT_DISCOVERY_ACROSS_FILESYSTEM not set).
2024-06-23 16:17:05.258 [info] > git rev-parse --show-toplevel [2ms]
2024-06-23 16:17:05.258 [info] /bin/bash: warning: setlocale: LC_ALL: cannot change locale (en_US.UTF-8)
fatal: not a git repository (or any parent up to mount point /teamspace/studios)
Stopping at filesystem boundary (GIT_DISCOVERY_ACROSS_FILESYSTEM not set).
2024-06-23 16:17:15.479 [info] > git rev-parse --show-toplevel [3ms]
2024-06-23 16:17:15.480 [info] /bin/bash: warning: setlocale: LC_ALL: cannot change locale (en_US.UTF-8)
fatal: not a git repository (or any parent up to mount point /teamspace/studios)
Stopping at filesystem boundary (GIT_DISCOVERY_ACROSS_FILESYSTEM not set).
2024-06-23 19:14:05.753 [info] > git rev-parse --show-toplevel [17ms]
2024-06-23 19:14:05.754 [info] /bin/bash: warning: setlocale: LC_ALL: cannot change locale (en_US.UTF-8)
fatal: not a git repository (or any parent up to mount point /teamspace/studios)
Stopping at filesystem boundary (GIT_DISCOVERY_ACROSS_FILESYSTEM not set).
