2024-07-20 13:27:41.886 [info] Log level: Info
2024-07-20 13:27:41.886 [info] Validating found git in: "git"
2024-07-20 13:27:41.886 [info] Using git "2.42.0" from "git"
2024-07-20 13:27:41.886 [info] > git rev-parse --show-toplevel [7ms]
2024-07-20 13:27:41.886 [info] fatal: not a git repository (or any parent up to mount point /teamspace/studios)
Stopping at filesystem boundary (GIT_DISCOVERY_ACROSS_FILESYSTEM not set).
2024-07-20 13:27:41.886 [info] > git rev-parse --show-toplevel [2ms]
2024-07-20 13:27:41.886 [info] fatal: not a git repository (or any parent up to mount point /teamspace/studios)
Stopping at filesystem boundary (GIT_DISCOVERY_ACROSS_FILESYSTEM not set).
2024-07-20 13:27:41.886 [info] > git rev-parse --show-toplevel [2ms]
2024-07-20 13:27:41.886 [info] fatal: not a git repository (or any parent up to mount point /teamspace/studios)
Stopping at filesystem boundary (GIT_DISCOVERY_ACROSS_FILESYSTEM not set).
2024-07-20 13:27:41.886 [info] > git rev-parse --show-toplevel [2ms]
2024-07-20 13:27:41.886 [info] fatal: not a git repository (or any parent up to mount point /teamspace/studios)
Stopping at filesystem boundary (GIT_DISCOVERY_ACROSS_FILESYSTEM not set).
2024-07-20 13:27:41.886 [info] > git rev-parse --show-toplevel [2ms]
2024-07-20 13:27:41.886 [info] fatal: not a git repository (or any parent up to mount point /teamspace/studios)
Stopping at filesystem boundary (GIT_DISCOVERY_ACROSS_FILESYSTEM not set).
2024-07-20 13:27:41.886 [info] > git rev-parse --show-toplevel [2ms]
2024-07-20 13:27:41.886 [info] fatal: not a git repository (or any parent up to mount point /teamspace/studios)
Stopping at filesystem boundary (GIT_DISCOVERY_ACROSS_FILESYSTEM not set).
2024-07-20 13:27:41.886 [info] > git rev-parse --show-toplevel [2ms]
2024-07-20 13:27:41.886 [info] fatal: not a git repository (or any parent up to mount point /teamspace/studios)
Stopping at filesystem boundary (GIT_DISCOVERY_ACROSS_FILESYSTEM not set).
2024-07-20 13:27:41.886 [info] > git rev-parse --show-toplevel [6ms]
2024-07-20 13:27:41.886 [info] fatal: not a git repository (or any parent up to mount point /teamspace/studios)
Stopping at filesystem boundary (GIT_DISCOVERY_ACROSS_FILESYSTEM not set).
2024-07-20 13:27:41.886 [info] > git rev-parse --show-toplevel [3ms]
2024-07-20 13:27:41.886 [info] fatal: not a git repository (or any parent up to mount point /teamspace/studios)
Stopping at filesystem boundary (GIT_DISCOVERY_ACROSS_FILESYSTEM not set).
2024-07-20 13:27:41.886 [info] > git rev-parse --show-toplevel [3ms]
2024-07-20 13:27:41.886 [info] fatal: not a git repository (or any parent up to mount point /teamspace/studios)
Stopping at filesystem boundary (GIT_DISCOVERY_ACROSS_FILESYSTEM not set).
2024-07-20 13:27:41.886 [info] > git rev-parse --show-toplevel [2ms]
2024-07-20 13:27:41.886 [info] fatal: not a git repository (or any parent up to mount point /teamspace/studios)
Stopping at filesystem boundary (GIT_DISCOVERY_ACROSS_FILESYSTEM not set).
2024-07-20 13:27:41.886 [info] > git rev-parse --show-toplevel [2ms]
2024-07-20 13:27:41.886 [info] fatal: not a git repository (or any parent up to mount point /teamspace/studios)
Stopping at filesystem boundary (GIT_DISCOVERY_ACROSS_FILESYSTEM not set).
